[debug] [2021-01-11T10:16:23.262Z] ----------------------------------------------------------------------
[debug] [2021-01-11T10:16:23.264Z] Command:       /var/lib/snapd/snap/node/3292/bin/node /usr/local/bin/firebase init
[debug] [2021-01-11T10:16:23.265Z] CLI Version:   9.1.2
[debug] [2021-01-11T10:16:23.265Z] Platform:      linux
[debug] [2021-01-11T10:16:23.265Z] Node Version:  v12.19.0
[debug] [2021-01-11T10:16:23.265Z] Time:          Mon Jan 11 2021 15:46:23 GMT+0530 (India Standard Time)
[debug] [2021-01-11T10:16:23.265Z] ----------------------------------------------------------------------
[debug] [2021-01-11T10:16:23.265Z] 
[debug] [2021-01-11T10:16:23.270Z] > command requires scopes: ["email","openid","https://www.googleapis.com/auth/cloudplatformprojects.readonly","https://www.googleapis.com/auth/firebase","https://www.googleapis.com/auth/cloud-platform"]
[debug] [2021-01-11T10:16:23.270Z] > authorizing via signed-in user
[info] 
     ######## #### ########  ######## ########     ###     ######  ########
     ##        ##  ##     ## ##       ##     ##  ##   ##  ##       ##
     ######    ##  ########  ######   ########  #########  ######  ######
     ##        ##  ##    ##  ##       ##     ## ##     ##       ## ##
     ##       #### ##     ## ######## ########  ##     ##  ######  ########

You're about to initialize a Firebase project in this directory:

  /home/nikunj/Downloads/Study-app-main

Before we get started, keep in mind:

  * You are initializing in an existing Firebase project directory

[info] 
=== Project Setup
[info] 
[info] First, let's associate this project directory with a Firebase project.
[info] You can create multiple project aliases by running firebase use --add, 
[info] but for now we'll just set up a default project.
[info] 
[info] i  .firebaserc already has a default project, using study-app-nike682631. 
[debug] [2021-01-11T10:16:40.384Z] > refreshing access token with scopes: ["email","https://www.googleapis.com/auth/cloud-platform","https://www.googleapis.com/auth/cloudplatformprojects.readonly","https://www.googleapis.com/auth/firebase","openid"]
[debug] [2021-01-11T10:16:40.386Z] >>> HTTP REQUEST POST https://www.googleapis.com/oauth2/v3/token  
 <request body omitted>
[debug] [2021-01-11T10:16:40.981Z] <<< HTTP RESPONSE 200 {"date":"Mon, 11 Jan 2021 10:16:40 GMT","cache-control":"no-cache, no-store, max-age=0, must-revalidate","pragma":"no-cache","expires":"Mon, 01 Jan 1990 00:00:00 GMT","content-type":"application/json; charset=utf-8","vary":"X-Origin, Referer, Origin,Accept-Encoding","server":"scaffolding on HTTPServer2","x-xss-protection":"0","x-frame-options":"SAMEORIGIN","x-content-type-options":"nosniff","alt-svc":"h3-29=\":443\"; ma=2592000,h3-T051=\":443\"; ma=2592000,h3-Q050=\":443\"; ma=2592000,h3-Q046=\":443\"; ma=2592000,h3-Q043=\":443\"; ma=2592000,quic=\":443\"; ma=2592000; v=\"46,43\"","accept-ranges":"none","transfer-encoding":"chunked"}
[debug] [2021-01-11T10:16:41.017Z] >>> HTTP REQUEST GET https://firebase.googleapis.com/v1beta1/projects/study-app-nike682631  
 
[debug] [2021-01-11T10:16:41.886Z] <<< HTTP RESPONSE 403 {"vary":"X-Origin, Referer, Origin,Accept-Encoding","content-type":"application/json; charset=UTF-8","date":"Mon, 11 Jan 2021 10:16:41 GMT","server":"ESF","cache-control":"private","x-xss-protection":"0","x-frame-options":"SAMEORIGIN","x-content-type-options":"nosniff","alt-svc":"h3-29=\":443\"; ma=2592000,h3-T051=\":443\"; ma=2592000,h3-Q050=\":443\"; ma=2592000,h3-Q046=\":443\"; ma=2592000,h3-Q043=\":443\"; ma=2592000,quic=\":443\"; ma=2592000; v=\"46,43\"","accept-ranges":"none","transfer-encoding":"chunked"}
[debug] [2021-01-11T10:16:41.886Z] <<< HTTP RESPONSE BODY {"error":{"code":403,"message":"The caller does not have permission","status":"PERMISSION_DENIED"}}
[debug] [2021-01-11T10:16:41.891Z] HTTP Error: 403, The caller does not have permission
[debug] [2021-01-11T10:16:42.228Z] FirebaseError: HTTP Error: 403, The caller does not have permission
    at module.exports (/usr/local/lib/node_modules/firebase-tools/lib/responseToError.js:38:12)
    at Request._callback (/usr/local/lib/node_modules/firebase-tools/lib/api.js:41:35)
    at Request.self.callback (/usr/local/lib/node_modules/firebase-tools/node_modules/request/request.js:185:22)
    at Request.emit (events.js:314:20)
    at Request.EventEmitter.emit (domain.js:483:12)
    at Request.<anonymous> (/usr/local/lib/node_modules/firebase-tools/node_modules/request/request.js:1154:10)
    at Request.emit (events.js:314:20)
    at Request.EventEmitter.emit (domain.js:483:12)
    at IncomingMessage.<anonymous> (/usr/local/lib/node_modules/firebase-tools/node_modules/request/request.js:1076:12)
    at Object.onceWrapper (events.js:420:28)
    at IncomingMessage.emit (events.js:326:22)
    at IncomingMessage.EventEmitter.emit (domain.js:483:12)
    at endReadableNT (_stream_readable.js:1223:12)
    at processTicksAndRejections (internal/process/task_queues.js:84:21)
[error] 
[error] Error: Failed to get Firebase project study-app-nike682631. Please make sure the project exists and your account has permission to access it.
[debug] [2021-01-11T10:17:15.097Z] ----------------------------------------------------------------------
[debug] [2021-01-11T10:17:15.099Z] Command:       /var/lib/snapd/snap/node/3292/bin/node /usr/local/bin/firebase init
[debug] [2021-01-11T10:17:15.099Z] CLI Version:   9.1.2
[debug] [2021-01-11T10:17:15.099Z] Platform:      linux
[debug] [2021-01-11T10:17:15.099Z] Node Version:  v12.19.0
[debug] [2021-01-11T10:17:15.100Z] Time:          Mon Jan 11 2021 15:47:15 GMT+0530 (India Standard Time)
[debug] [2021-01-11T10:17:15.100Z] ----------------------------------------------------------------------
[debug] [2021-01-11T10:17:15.100Z] 
[debug] [2021-01-11T10:17:15.104Z] > command requires scopes: ["email","openid","https://www.googleapis.com/auth/cloudplatformprojects.readonly","https://www.googleapis.com/auth/firebase","https://www.googleapis.com/auth/cloud-platform"]
[debug] [2021-01-11T10:17:15.105Z] > authorizing via signed-in user
[info] 
     ######## #### ########  ######## ########     ###     ######  ########
     ##        ##  ##     ## ##       ##     ##  ##   ##  ##       ##
     ######    ##  ########  ######   ########  #########  ######  ######
     ##        ##  ##    ##  ##       ##     ## ##     ##       ## ##
     ##       #### ##     ## ######## ########  ##     ##  ######  ########

You're about to initialize a Firebase project in this directory:

  /home/nikunj/Downloads/Study-app-main

Before we get started, keep in mind:

  * You are initializing in an existing Firebase project directory

[info] 
=== Project Setup
[info] 
[info] First, let's associate this project directory with a Firebase project.
[info] You can create multiple project aliases by running firebase use --add, 
[info] but for now we'll just set up a default project.
[info] 
[info] i  If you want to create a project in a Google Cloud organization or folder, please use "firebase projects:create" instead, and return to this command when you've created the project. 
[debug] [2021-01-11T10:18:04.281Z] >>> HTTP REQUEST POST https://cloudresourcemanager.googleapis.com/v1/projects  
 {"projectId":"nikunj-acadzia-assessment","name":"nikunj-acadzia-assessment"}
[debug] [2021-01-11T10:18:06.686Z] <<< HTTP RESPONSE 200 {"content-type":"application/json; charset=UTF-8","vary":"X-Origin, Referer, Origin,Accept-Encoding","date":"Mon, 11 Jan 2021 10:18:06 GMT","server":"ESF","cache-control":"private","x-xss-protection":"0","x-frame-options":"SAMEORIGIN","x-content-type-options":"nosniff","server-timing":"gfet4t7; dur=1575","alt-svc":"h3-29=\":443\"; ma=2592000,h3-T051=\":443\"; ma=2592000,h3-Q050=\":443\"; ma=2592000,h3-Q046=\":443\"; ma=2592000,h3-Q043=\":443\"; ma=2592000,quic=\":443\"; ma=2592000; v=\"46,43\"","accept-ranges":"none","transfer-encoding":"chunked"}
[debug] [2021-01-11T10:18:06.697Z] > refreshing access token with scopes: []
[debug] [2021-01-11T10:18:06.698Z] >>> HTTP REQUEST POST https://www.googleapis.com/oauth2/v3/token  
 <request body omitted>
[debug] [2021-01-11T10:18:07.048Z] <<< HTTP RESPONSE 200 {"cache-control":"no-cache, no-store, max-age=0, must-revalidate","pragma":"no-cache","date":"Mon, 11 Jan 2021 10:18:06 GMT","expires":"Mon, 01 Jan 1990 00:00:00 GMT","content-type":"application/json; charset=utf-8","vary":"X-Origin, Referer, Origin,Accept-Encoding","server":"scaffolding on HTTPServer2","x-xss-protection":"0","x-frame-options":"SAMEORIGIN","x-content-type-options":"nosniff","alt-svc":"h3-29=\":443\"; ma=2592000,h3-T051=\":443\"; ma=2592000,h3-Q050=\":443\"; ma=2592000,h3-Q046=\":443\"; ma=2592000,h3-Q043=\":443\"; ma=2592000,quic=\":443\"; ma=2592000; v=\"46,43\"","accept-ranges":"none","transfer-encoding":"chunked"}
[debug] [2021-01-11T10:18:07.134Z] >>> [apiv2][query] GET https://cloudresourcemanager.googleapis.com/v1/operations/cp.6062480731554237696 [none]
[debug] [2021-01-11T10:18:09.562Z] <<< [apiv2][status] GET https://cloudresourcemanager.googleapis.com/v1/operations/cp.6062480731554237696 200
[debug] [2021-01-11T10:18:09.563Z] <<< [apiv2][body] GET https://cloudresourcemanager.googleapis.com/v1/operations/cp.6062480731554237696 {"name":"operations/cp.6062480731554237696","metadata":{"@type":"type.googleapis.com/google.cloudresourcemanager.v1.ProjectCreationStatus","gettable":true}}
[debug] [2021-01-11T10:18:10.066Z] [Project Creation Poller] Retrying task index 0
[debug] [2021-01-11T10:18:10.069Z] >>> [apiv2][query] GET https://cloudresourcemanager.googleapis.com/v1/operations/cp.6062480731554237696 [none]
[debug] [2021-01-11T10:18:12.414Z] <<< [apiv2][status] GET https://cloudresourcemanager.googleapis.com/v1/operations/cp.6062480731554237696 200
[debug] [2021-01-11T10:18:12.415Z] <<< [apiv2][body] GET https://cloudresourcemanager.googleapis.com/v1/operations/cp.6062480731554237696 {"name":"operations/cp.6062480731554237696","metadata":{"@type":"type.googleapis.com/google.cloudresourcemanager.v1.ProjectCreationStatus","gettable":true,"ready":true},"done":true,"response":{"@type":"type.googleapis.com/google.cloudresourcemanager.v1.Project","projectNumber":"1074447139611","projectId":"nikunj-acadzia-assessment","lifecycleState":"ACTIVE","name":"nikunj-acadzia-assessment","createTime":"2021-01-11T10:18:06.133Z"}}
[debug] [2021-01-11T10:18:12.421Z] > refreshing access token with scopes: ["email","https://www.googleapis.com/auth/cloud-platform","https://www.googleapis.com/auth/cloudplatformprojects.readonly","https://www.googleapis.com/auth/firebase","openid"]
[debug] [2021-01-11T10:18:12.422Z] >>> HTTP REQUEST POST https://www.googleapis.com/oauth2/v3/token  
 <request body omitted>
[debug] [2021-01-11T10:18:12.774Z] <<< HTTP RESPONSE 200 {"cache-control":"no-cache, no-store, max-age=0, must-revalidate","expires":"Mon, 01 Jan 1990 00:00:00 GMT","date":"Mon, 11 Jan 2021 10:18:12 GMT","pragma":"no-cache","content-type":"application/json; charset=utf-8","vary":"X-Origin, Referer, Origin,Accept-Encoding","server":"scaffolding on HTTPServer2","x-xss-protection":"0","x-frame-options":"SAMEORIGIN","x-content-type-options":"nosniff","alt-svc":"h3-29=\":443\"; ma=2592000,h3-T051=\":443\"; ma=2592000,h3-Q050=\":443\"; ma=2592000,h3-Q046=\":443\"; ma=2592000,h3-Q043=\":443\"; ma=2592000,quic=\":443\"; ma=2592000; v=\"46,43\"","accept-ranges":"none","transfer-encoding":"chunked"}
[debug] [2021-01-11T10:18:12.816Z] >>> HTTP REQUEST POST https://firebase.googleapis.com/v1beta1/projects/nikunj-acadzia-assessment:addFirebase  
 
[debug] [2021-01-11T10:18:16.891Z] <<< HTTP RESPONSE 200 {"content-type":"application/json; charset=UTF-8","vary":"X-Origin, Referer, Origin,Accept-Encoding","date":"Mon, 11 Jan 2021 10:18:16 GMT","server":"ESF","cache-control":"private","x-xss-protection":"0","x-frame-options":"SAMEORIGIN","x-content-type-options":"nosniff","alt-svc":"h3-29=\":443\"; ma=2592000,h3-T051=\":443\"; ma=2592000,h3-Q050=\":443\"; ma=2592000,h3-Q046=\":443\"; ma=2592000,h3-Q043=\":443\"; ma=2592000,quic=\":443\"; ma=2592000; v=\"46,43\"","accept-ranges":"none","transfer-encoding":"chunked"}
[debug] [2021-01-11T10:18:16.892Z] > refreshing access token with scopes: []
[debug] [2021-01-11T10:18:16.893Z] >>> HTTP REQUEST POST https://www.googleapis.com/oauth2/v3/token  
 <request body omitted>
[debug] [2021-01-11T10:18:17.263Z] <<< HTTP RESPONSE 200 {"pragma":"no-cache","cache-control":"no-cache, no-store, max-age=0, must-revalidate","expires":"Mon, 01 Jan 1990 00:00:00 GMT","date":"Mon, 11 Jan 2021 10:18:17 GMT","content-type":"application/json; charset=utf-8","vary":"X-Origin, Referer, Origin,Accept-Encoding","server":"scaffolding on HTTPServer2","x-xss-protection":"0","x-frame-options":"SAMEORIGIN","x-content-type-options":"nosniff","alt-svc":"h3-29=\":443\"; ma=2592000,h3-T051=\":443\"; ma=2592000,h3-Q050=\":443\"; ma=2592000,h3-Q046=\":443\"; ma=2592000,h3-Q043=\":443\"; ma=2592000,quic=\":443\"; ma=2592000; v=\"46,43\"","accept-ranges":"none","transfer-encoding":"chunked"}
[debug] [2021-01-11T10:18:17.292Z] >>> [apiv2][query] GET https://firebase.googleapis.com/v1beta1/operations/workflows/NzRiMjJjOTctMjMzOC00ZGJiLWEzOWMtYjZhNGE5ZTgyNDVi [none]
[debug] [2021-01-11T10:18:19.384Z] <<< [apiv2][status] GET https://firebase.googleapis.com/v1beta1/operations/workflows/NzRiMjJjOTctMjMzOC00ZGJiLWEzOWMtYjZhNGE5ZTgyNDVi 200
[debug] [2021-01-11T10:18:19.385Z] <<< [apiv2][body] GET https://firebase.googleapis.com/v1beta1/operations/workflows/NzRiMjJjOTctMjMzOC00ZGJiLWEzOWMtYjZhNGE5ZTgyNDVi {"name":"operations/workflows/NzRiMjJjOTctMjMzOC00ZGJiLWEzOWMtYjZhNGE5ZTgyNDVi"}
[debug] [2021-01-11T10:18:19.885Z] [Add Firebase Poller] Retrying task index 0
[debug] [2021-01-11T10:18:19.887Z] >>> [apiv2][query] GET https://firebase.googleapis.com/v1beta1/operations/workflows/NzRiMjJjOTctMjMzOC00ZGJiLWEzOWMtYjZhNGE5ZTgyNDVi [none]
[debug] [2021-01-11T10:18:21.427Z] <<< [apiv2][status] GET https://firebase.googleapis.com/v1beta1/operations/workflows/NzRiMjJjOTctMjMzOC00ZGJiLWEzOWMtYjZhNGE5ZTgyNDVi 200
[debug] [2021-01-11T10:18:21.428Z] <<< [apiv2][body] GET https://firebase.googleapis.com/v1beta1/operations/workflows/NzRiMjJjOTctMjMzOC00ZGJiLWEzOWMtYjZhNGE5ZTgyNDVi {"name":"operations/workflows/NzRiMjJjOTctMjMzOC00ZGJiLWEzOWMtYjZhNGE5ZTgyNDVi"}
[debug] [2021-01-11T10:18:22.430Z] [Add Firebase Poller] Retrying task index 0
[debug] [2021-01-11T10:18:22.432Z] >>> [apiv2][query] GET https://firebase.googleapis.com/v1beta1/operations/workflows/NzRiMjJjOTctMjMzOC00ZGJiLWEzOWMtYjZhNGE5ZTgyNDVi [none]
[debug] [2021-01-11T10:18:23.692Z] <<< [apiv2][status] GET https://firebase.googleapis.com/v1beta1/operations/workflows/NzRiMjJjOTctMjMzOC00ZGJiLWEzOWMtYjZhNGE5ZTgyNDVi 200
[debug] [2021-01-11T10:18:23.693Z] <<< [apiv2][body] GET https://firebase.googleapis.com/v1beta1/operations/workflows/NzRiMjJjOTctMjMzOC00ZGJiLWEzOWMtYjZhNGE5ZTgyNDVi {"name":"operations/workflows/NzRiMjJjOTctMjMzOC00ZGJiLWEzOWMtYjZhNGE5ZTgyNDVi"}
[debug] [2021-01-11T10:18:25.695Z] [Add Firebase Poller] Retrying task index 0
[debug] [2021-01-11T10:18:25.697Z] >>> [apiv2][query] GET https://firebase.googleapis.com/v1beta1/operations/workflows/NzRiMjJjOTctMjMzOC00ZGJiLWEzOWMtYjZhNGE5ZTgyNDVi [none]
[debug] [2021-01-11T10:18:26.954Z] <<< [apiv2][status] GET https://firebase.googleapis.com/v1beta1/operations/workflows/NzRiMjJjOTctMjMzOC00ZGJiLWEzOWMtYjZhNGE5ZTgyNDVi 200
[debug] [2021-01-11T10:18:26.954Z] <<< [apiv2][body] GET https://firebase.googleapis.com/v1beta1/operations/workflows/NzRiMjJjOTctMjMzOC00ZGJiLWEzOWMtYjZhNGE5ZTgyNDVi {"name":"operations/workflows/NzRiMjJjOTctMjMzOC00ZGJiLWEzOWMtYjZhNGE5ZTgyNDVi","done":true,"response":{"@type":"type.googleapis.com/google.firebase.service.v1beta1.FirebaseProject","projectId":"nikunj-acadzia-assessment","projectNumber":"1074447139611","displayName":"nikunj-acadzia-assessment","name":"projects/nikunj-acadzia-assessment","resources":{"hostingSite":"nikunj-acadzia-assessment"}}}
[info] 
[info] 🎉🎉🎉 Your Firebase project is ready! 🎉🎉🎉
[info] 
[info] Project information:
[info]    - Project ID: nikunj-acadzia-assessment
[info]    - Project Name: nikunj-acadzia-assessment
[info] 
[info] Firebase console is available at
[info] https://console.firebase.google.com/project/nikunj-acadzia-assessment/overview
[info] i  Using project nikunj-acadzia-assessment (nikunj-acadzia-assessment) 
[info] 
=== Hosting Setup
[info] 
[info] Your public directory is the folder (relative to your project directory) that
[info] will contain Hosting assets to be uploaded with firebase deploy. If you
[info] have a build process for your assets, use your build's output directory.
[info] 
[debug] [2021-01-11T10:19:19.289Z] >>> [apiv2][query] GET https://www.gstatic.com/firebasejs/releases.json [none]
[debug] [2021-01-11T10:19:19.820Z] <<< [apiv2][status] GET https://www.gstatic.com/firebasejs/releases.json 200
[debug] [2021-01-11T10:19:19.821Z] <<< [apiv2][body] GET https://www.gstatic.com/firebasejs/releases.json {"current":{"version":"8.2.2","browserURL":"https://www.gstatic.com/firebasejs/8.2.2/firebase.js","packageURL":"https://www.gstatic.com/firebasejs/8.2.2/firebase.tgz"},"live":{"version":"8.2","browserURL":"https://www.gstatic.com/firebasejs/live/8.2/firebase.js","packageURL":"https://www.gstatic.com/firebasejs/live/8.2/firebase.tgz"},"components":{"analytics":"https://www.gstatic.com/firebasejs/8.2.2/firebase-analytics.js","app":"https://www.gstatic.com/firebasejs/8.2.2/firebase-app.js","auth":"https://www.gstatic.com/firebasejs/8.2.2/firebase-auth.js","database":"https://www.gstatic.com/firebasejs/8.2.2/firebase-database.js","firestore":"https://www.gstatic.com/firebasejs/8.2.2/firebase-firestore.js","functions":"https://www.gstatic.com/firebasejs/8.2.2/firebase-functions.js","installations":"https://www.gstatic.com/firebasejs/8.2.2/firebase-installations.js","messaging":"https://www.gstatic.com/firebasejs/8.2.2/firebase-messaging.js","storage":"https://www.gstatic.com/firebasejs/8.2.2/firebase-storage.js","performance":"https://www.gstatic.com/firebasejs/8.2.2/firebase-performance.js","remote-config":"https://www.gstatic.com/firebasejs/8.2.2/firebase-remote-config.js","firestore.memory":"https://www.gstatic.com/firebasejs/8.2.2/firebase-firestore.memory.js"}}
[info] ✔  Wrote public/index.html 
[info] 
[info] i  Didn't detect a .git folder. Assuming /home/nikunj/Downloads/Study-app-main is the project root. 
[info] i  Authorizing with GitHub to upload your service account to a GitHub repository's secrets store. 
[info] 
[info] Visit this URL on this device to log in:
[info] https://github.com/login/oauth/authorize?client_id=89cf50f02ac6aaed3484&state=978602704&redirect_uri=http%3A%2F%2Flocalhost%3A9005&scope=read%3Auser%20repo%20public_repo
[info] 
[info] Waiting for authentication...
